<?xml version="1.0" encoding="UTF-8"?>
<robot generator="Robot 6.1 (Python 3.11.4 on win32)" generated="20230828 18:39:16.759" rpa="false" schemaversion="4">
<suite id="s1" name="1.Get Request" source="C:\development\RobotScripts\RobotFrameworkForMe\Tests\APITests\1.get_request.robot">
<test id="s1-t1" name="01 Get Request" line="12">
<kw name="Create Session" library="RequestsLibrary">
<arg>testSession</arg>
<arg>${base_url}</arg>
<arg>verify=true</arg>
<doc>Create Session: create a HTTP session to a server</doc>
<msg timestamp="20230828 18:39:16.922" level="INFO">Creating Session using : alias=testSession, url=http://postman-echo.com, headers={},                     cookies={}, auth=None, timeout=None, proxies=None, verify=True,                     debug=0 </msg>
<status status="PASS" starttime="20230828 18:39:16.921" endtime="20230828 18:39:16.922"/>
</kw>
<kw name="Create Dictionary" library="BuiltIn">
<var>${params}</var>
<arg>test=123</arg>
<doc>Creates and returns a dictionary based on the given ``items``.</doc>
<msg timestamp="20230828 18:39:16.923" level="INFO">${params} = {'test': '123'}</msg>
<status status="PASS" starttime="20230828 18:39:16.923" endtime="20230828 18:39:16.923"/>
</kw>
<kw name="GET On Session" library="RequestsLibrary">
<var>${response}</var>
<arg>testSession</arg>
<arg>/get</arg>
<arg>${params}</arg>
<arg>expected_status=200</arg>
<doc>Sends a GET request on a previously created HTTP Session.</doc>
<msg timestamp="20230828 18:39:17.554" level="INFO">GET Request : url=http://postman-echo.com/get?test=123 
 path_url=/get?test=123 
 headers={'User-Agent': 'python-requests/2.31.0', 'Accept-Encoding': 'gzip, deflate', 'Accept': '*/*', 'Connection': 'keep-alive'} 
 body=None 
 </msg>
<msg timestamp="20230828 18:39:17.554" level="INFO">GET Response : url=http://postman-echo.com/get?test=123 
 status=200, reason=OK 
 headers={'Date': 'Mon, 28 Aug 2023 13:09:23 GMT', 'Content-Type': 'application/json; charset=utf-8', 'Content-Length': '372', 'Connection': 'keep-alive', 'ETag': 'W/"174-OsZ8xfRMPA6qnTu4UIVGofXS5Qk"', 'set-cookie': 'sails.sid=s%3AySsYQASLeF3wo4migSTpLxkbygT8dKjF.mNPNd8D7yQixw3PwxvGnTYrF7eTW7nsOe4mIn91SZa4; Path=/; HttpOnly'} 
 body={
  "args": {
    "test": "123"
  },
  "headers": {
    "x-forwarded-proto": "http",
    "x-forwarded-port": "80",
    "host": "postman-echo.com",
    "x-amzn-trace-id": "Root=1-64ec9c83-5b4eb50b0f3b8a9b4abe726a",
    "user-agent": "python-requests/2.31.0",
    "accept-encoding": "gzip, deflate",
    "accept": "*/*"
  },
  "url": "http://postman-echo.com/get?test=123"
} 
 </msg>
<msg timestamp="20230828 18:39:17.554" level="INFO">${response} = &lt;Response [200]&gt;</msg>
<status status="PASS" starttime="20230828 18:39:16.924" endtime="20230828 18:39:17.555"/>
</kw>
<kw name="Status Should Be" library="RequestsLibrary">
<arg>200</arg>
<arg>${response}</arg>
<doc>Fails if response status code is different than the expected.</doc>
<status status="PASS" starttime="20230828 18:39:17.555" endtime="20230828 18:39:17.556"/>
</kw>
<kw name="Should Be Equal As Strings" library="BuiltIn">
<arg>OK</arg>
<arg>${response.reason}</arg>
<doc>Fails if objects are unequal after converting them to strings.</doc>
<status status="PASS" starttime="20230828 18:39:17.556" endtime="20230828 18:39:17.557"/>
</kw>
<kw name="Should Be Equal As Strings" library="BuiltIn">
<arg>123</arg>
<arg>${response.json()}[args][test]</arg>
<doc>Fails if objects are unequal after converting them to strings.</doc>
<status status="PASS" starttime="20230828 18:39:17.557" endtime="20230828 18:39:17.558"/>
</kw>
<kw name="Set Suite Variable" library="BuiltIn">
<arg>${Variable_TC01}</arg>
<arg>TestValue</arg>
<doc>Makes a variable available everywhere within the scope of the current suite.</doc>
<msg timestamp="20230828 18:39:17.561" level="INFO">${Variable_TC01} = TestValue</msg>
<status status="PASS" starttime="20230828 18:39:17.559" endtime="20230828 18:39:17.561"/>
</kw>
<kw name="Log To Console" library="BuiltIn">
<arg>${Variable_TC01}</arg>
<doc>Logs the given message to the console.</doc>
<status status="PASS" starttime="20230828 18:39:17.561" endtime="20230828 18:39:17.562"/>
</kw>
<kw name="Log" library="BuiltIn">
<arg>${response}</arg>
<doc>Logs the given message with the given level.</doc>
<msg timestamp="20230828 18:39:17.563" level="INFO">&lt;Response [200]&gt;</msg>
<status status="PASS" starttime="20230828 18:39:17.562" endtime="20230828 18:39:17.563"/>
</kw>
<status status="PASS" starttime="20230828 18:39:16.919" endtime="20230828 18:39:17.564"/>
</test>
<test id="s1-t2" name="02 Passing Parameter Value from Test 01 to Test Case 02" line="27">
<kw name="Log" library="BuiltIn">
<arg>${Variable_TC01}</arg>
<doc>Logs the given message with the given level.</doc>
<msg timestamp="20230828 18:39:17.566" level="INFO">TestValue</msg>
<status status="PASS" starttime="20230828 18:39:17.565" endtime="20230828 18:39:17.566"/>
</kw>
<status status="PASS" starttime="20230828 18:39:17.565" endtime="20230828 18:39:17.566"/>
</test>
<status status="PASS" starttime="20230828 18:39:16.761" endtime="20230828 18:39:17.567"/>
</suite>
<statistics>
<total>
<stat pass="2" fail="0" skip="0">All Tests</stat>
</total>
<tag>
</tag>
<suite>
<stat pass="2" fail="0" skip="0" id="s1" name="1.Get Request">1.Get Request</stat>
</suite>
</statistics>
<errors>
</errors>
</robot>
