<?xml version="1.0" encoding="UTF-8"?>
<robot generator="Robot 6.1 (Python 3.11.4 on win32)" generated="20230803 20:13:28.311" rpa="false" schemaversion="4">
<suite id="s1" name="3.Headers" source="C:\development\RobotScripts\RobotFrameworkForMe\Tests\APITests\3.headers.robot">
<test id="s1-t1" name="Get With Auth" line="11">
<kw name="Create Dictionary" library="BuiltIn">
<var>${headers}</var>
<arg>my-sample-header=testheader</arg>
<doc>Creates and returns a dictionary based on the given ``items``.</doc>
<msg timestamp="20230803 20:13:28.562" level="INFO">${headers} = {'my-sample-header': 'testheader'}</msg>
<status status="PASS" starttime="20230803 20:13:28.560" endtime="20230803 20:13:28.562"/>
</kw>
<kw name="Create Session" library="RequestsLibrary">
<arg>headerssession</arg>
<arg>${base_url}</arg>
<arg>${headers}</arg>
<doc>Create Session: create a HTTP session to a server</doc>
<msg timestamp="20230803 20:13:28.563" level="INFO">Creating Session using : alias=headerssession, url=http://postman-echo.com, headers={'my-sample-header': 'testheader'},                     cookies={}, auth=None, timeout=None, proxies=None, verify=False,                     debug=0 </msg>
<status status="PASS" starttime="20230803 20:13:28.563" endtime="20230803 20:13:28.564"/>
</kw>
<kw name="GET On Session" library="RequestsLibrary">
<var>${resp}</var>
<arg>headerssession</arg>
<arg>/headers</arg>
<arg>expected_status=200</arg>
<doc>Sends a GET request on a previously created HTTP Session.</doc>
<msg timestamp="20230803 20:13:29.155" level="INFO">GET Request : url=http://postman-echo.com/headers 
 path_url=/headers 
 headers={'User-Agent': 'python-requests/2.31.0', 'Accept-Encoding': 'gzip, deflate', 'Accept': '*/*', 'Connection': 'keep-alive', 'my-sample-header': 'testheader'} 
 body=None 
 </msg>
<msg timestamp="20230803 20:13:29.155" level="INFO">GET Response : url=http://postman-echo.com/headers 
 status=200, reason=OK 
 headers={'Date': 'Thu, 03 Aug 2023 14:44:07 GMT', 'Content-Type': 'application/json; charset=utf-8', 'Content-Length': '326', 'Connection': 'keep-alive', 'ETag': 'W/"146-YZ/Cysl4AQagMy7IXVP3SAs5lCU"', 'set-cookie': 'sails.sid=s%3AMfeV-33FIV-cSFw-IeLzncLIUXndJwuD.mp1ok7fGOZQewzeG45SW7gZUjvEvqp57m%2F430eMMVQc; Path=/; HttpOnly'} 
 body={
  "headers": {
    "x-forwarded-proto": "http",
    "x-forwarded-port": "80",
    "host": "postman-echo.com",
    "x-amzn-trace-id": "Root=1-64cbbd37-39ef94cc5653ee68676ba9b4",
    "user-agent": "python-requests/2.31.0",
    "accept-encoding": "gzip, deflate",
    "accept": "*/*",
    "my-sample-header": "testheader"
  }
} 
 </msg>
<msg timestamp="20230803 20:13:29.155" level="INFO">${resp} = &lt;Response [200]&gt;</msg>
<status status="PASS" starttime="20230803 20:13:28.565" endtime="20230803 20:13:29.155"/>
</kw>
<kw name="Should Be Equal As Strings" library="BuiltIn">
<arg>${resp.status_code}</arg>
<arg>200</arg>
<doc>Fails if objects are unequal after converting them to strings.</doc>
<msg timestamp="20230803 20:13:29.158" level="INFO">Argument types are:
&lt;class 'int'&gt;
&lt;class 'str'&gt;</msg>
<status status="PASS" starttime="20230803 20:13:29.157" endtime="20230803 20:13:29.158"/>
</kw>
<kw name="Should Be Equal As Strings" library="BuiltIn">
<arg>${resp.json()['headers']['my-sample-header']}</arg>
<arg>testheader</arg>
<doc>Fails if objects are unequal after converting them to strings.</doc>
<status status="PASS" starttime="20230803 20:13:29.158" endtime="20230803 20:13:29.161"/>
</kw>
<tag>get</tag>
<tag>get-cert</tag>
<status status="PASS" starttime="20230803 20:13:28.560" endtime="20230803 20:13:29.161"/>
</test>
<status status="PASS" starttime="20230803 20:13:28.330" endtime="20230803 20:13:29.166"/>
</suite>
<statistics>
<total>
<stat pass="1" fail="0" skip="0">All Tests</stat>
</total>
<tag>
<stat pass="1" fail="0" skip="0">get</stat>
<stat pass="1" fail="0" skip="0">get-cert</stat>
</tag>
<suite>
<stat pass="1" fail="0" skip="0" id="s1" name="3.Headers">3.Headers</stat>
</suite>
</statistics>
<errors>
</errors>
</robot>
